{"/Users/peterphanouvong/Work/sdks/kinde-auth-remix-sdk/src/config.js": {"path":"/Users/peterphanouvong/Work/sdks/kinde-auth-remix-sdk/src/config.js","all":false,"statementMap":{"0":{"start":{"line":1,"column":0},"end":{"line":1,"column":23}},"1":{"start":{"line":2,"column":0},"end":{"line":2,"column":40}},"2":{"start":{"line":3,"column":0},"end":{"line":3,"column":48}},"3":{"start":{"line":4,"column":0},"end":{"line":4,"column":42}},"4":{"start":{"line":5,"column":0},"end":{"line":5,"column":38}},"5":{"start":{"line":6,"column":0},"end":{"line":6,"column":68}},"6":{"start":{"line":7,"column":0},"end":{"line":7,"column":66}},"7":{"start":{"line":8,"column":0},"end":{"line":8,"column":39}},"8":{"start":{"line":9,"column":0},"end":{"line":9,"column":49}},"9":{"start":{"line":10,"column":0},"end":{"line":10,"column":2}}},"s":{"0":1,"1":1,"2":1,"3":1,"4":1,"5":1,"6":1,"7":1,"8":1,"9":1},"branchMap":{},"b":{},"fnMap":{},"f":{}}
,"/Users/peterphanouvong/Work/sdks/kinde-auth-remix-sdk/src/get-kinde-session.js": {"path":"/Users/peterphanouvong/Work/sdks/kinde-auth-remix-sdk/src/get-kinde-session.js","all":false,"statementMap":{"0":{"start":{"line":1,"column":0},"end":{"line":1,"column":44}},"1":{"start":{"line":2,"column":0},"end":{"line":2,"column":57}},"2":{"start":{"line":3,"column":0},"end":{"line":3,"column":0}},"3":{"start":{"line":4,"column":0},"end":{"line":4,"column":3}},"4":{"start":{"line":5,"column":0},"end":{"line":5,"column":2}},"5":{"start":{"line":6,"column":0},"end":{"line":6,"column":27}},"6":{"start":{"line":7,"column":0},"end":{"line":7,"column":3}},"7":{"start":{"line":8,"column":0},"end":{"line":8,"column":51}},"8":{"start":{"line":9,"column":0},"end":{"line":9,"column":65}},"9":{"start":{"line":10,"column":0},"end":{"line":10,"column":0}},"10":{"start":{"line":11,"column":0},"end":{"line":11,"column":5}},"11":{"start":{"line":12,"column":0},"end":{"line":12,"column":4}},"12":{"start":{"line":13,"column":0},"end":{"line":13,"column":26}},"13":{"start":{"line":14,"column":0},"end":{"line":14,"column":75}},"14":{"start":{"line":15,"column":0},"end":{"line":15,"column":13}},"15":{"start":{"line":16,"column":0},"end":{"line":16,"column":5}},"16":{"start":{"line":17,"column":0},"end":{"line":17,"column":48}},"17":{"start":{"line":18,"column":0},"end":{"line":18,"column":9}},"18":{"start":{"line":19,"column":0},"end":{"line":19,"column":74}},"19":{"start":{"line":20,"column":0},"end":{"line":20,"column":21}},"20":{"start":{"line":21,"column":0},"end":{"line":21,"column":27}},"21":{"start":{"line":22,"column":0},"end":{"line":22,"column":18}},"22":{"start":{"line":23,"column":0},"end":{"line":23,"column":5}},"23":{"start":{"line":24,"column":0},"end":{"line":24,"column":4}},"24":{"start":{"line":25,"column":0},"end":{"line":25,"column":0}},"25":{"start":{"line":26,"column":0},"end":{"line":26,"column":5}},"26":{"start":{"line":27,"column":0},"end":{"line":27,"column":4}},"27":{"start":{"line":28,"column":0},"end":{"line":28,"column":26}},"28":{"start":{"line":29,"column":0},"end":{"line":29,"column":75}},"29":{"start":{"line":30,"column":0},"end":{"line":30,"column":62}},"30":{"start":{"line":31,"column":0},"end":{"line":31,"column":5}},"31":{"start":{"line":32,"column":0},"end":{"line":32,"column":43}},"32":{"start":{"line":33,"column":0},"end":{"line":33,"column":9}},"33":{"start":{"line":34,"column":0},"end":{"line":34,"column":69}},"34":{"start":{"line":35,"column":0},"end":{"line":35,"column":21}},"35":{"start":{"line":36,"column":0},"end":{"line":36,"column":27}},"36":{"start":{"line":37,"column":0},"end":{"line":37,"column":18}},"37":{"start":{"line":38,"column":0},"end":{"line":38,"column":5}},"38":{"start":{"line":39,"column":0},"end":{"line":39,"column":4}},"39":{"start":{"line":40,"column":0},"end":{"line":40,"column":0}},"40":{"start":{"line":41,"column":0},"end":{"line":41,"column":32}},"41":{"start":{"line":42,"column":0},"end":{"line":42,"column":9}},"42":{"start":{"line":43,"column":0},"end":{"line":43,"column":56}},"43":{"start":{"line":44,"column":0},"end":{"line":44,"column":21}},"44":{"start":{"line":45,"column":0},"end":{"line":45,"column":27}},"45":{"start":{"line":46,"column":0},"end":{"line":46,"column":18}},"46":{"start":{"line":47,"column":0},"end":{"line":47,"column":5}},"47":{"start":{"line":48,"column":0},"end":{"line":48,"column":4}},"48":{"start":{"line":49,"column":0},"end":{"line":49,"column":0}},"49":{"start":{"line":50,"column":0},"end":{"line":50,"column":37}},"50":{"start":{"line":51,"column":0},"end":{"line":51,"column":9}},"51":{"start":{"line":52,"column":0},"end":{"line":52,"column":61}},"52":{"start":{"line":53,"column":0},"end":{"line":53,"column":21}},"53":{"start":{"line":54,"column":0},"end":{"line":54,"column":27}},"54":{"start":{"line":55,"column":0},"end":{"line":55,"column":5}},"55":{"start":{"line":56,"column":0},"end":{"line":56,"column":4}},"56":{"start":{"line":57,"column":0},"end":{"line":57,"column":0}},"57":{"start":{"line":58,"column":0},"end":{"line":58,"column":39}},"58":{"start":{"line":59,"column":0},"end":{"line":59,"column":9}},"59":{"start":{"line":60,"column":0},"end":{"line":60,"column":63}},"60":{"start":{"line":61,"column":0},"end":{"line":61,"column":21}},"61":{"start":{"line":62,"column":0},"end":{"line":62,"column":27}},"62":{"start":{"line":63,"column":0},"end":{"line":63,"column":19}},"63":{"start":{"line":64,"column":0},"end":{"line":64,"column":5}},"64":{"start":{"line":65,"column":0},"end":{"line":65,"column":4}},"65":{"start":{"line":66,"column":0},"end":{"line":66,"column":0}},"66":{"start":{"line":67,"column":0},"end":{"line":67,"column":31}},"67":{"start":{"line":68,"column":0},"end":{"line":68,"column":9}},"68":{"start":{"line":69,"column":0},"end":{"line":69,"column":55}},"69":{"start":{"line":70,"column":0},"end":{"line":70,"column":21}},"70":{"start":{"line":71,"column":0},"end":{"line":71,"column":10}},"71":{"start":{"line":72,"column":0},"end":{"line":72,"column":25}},"72":{"start":{"line":73,"column":0},"end":{"line":73,"column":69}},"73":{"start":{"line":74,"column":0},"end":{"line":74,"column":7}},"74":{"start":{"line":75,"column":0},"end":{"line":75,"column":29}},"75":{"start":{"line":76,"column":0},"end":{"line":76,"column":18}},"76":{"start":{"line":77,"column":0},"end":{"line":77,"column":5}},"77":{"start":{"line":78,"column":0},"end":{"line":78,"column":4}},"78":{"start":{"line":79,"column":0},"end":{"line":79,"column":0}},"79":{"start":{"line":80,"column":0},"end":{"line":80,"column":38}},"80":{"start":{"line":81,"column":0},"end":{"line":81,"column":9}},"81":{"start":{"line":82,"column":0},"end":{"line":82,"column":62}},"82":{"start":{"line":83,"column":0},"end":{"line":83,"column":21}},"83":{"start":{"line":84,"column":0},"end":{"line":84,"column":27}},"84":{"start":{"line":85,"column":0},"end":{"line":85,"column":18}},"85":{"start":{"line":86,"column":0},"end":{"line":86,"column":5}},"86":{"start":{"line":87,"column":0},"end":{"line":87,"column":4}},"87":{"start":{"line":88,"column":0},"end":{"line":88,"column":0}},"88":{"start":{"line":89,"column":0},"end":{"line":89,"column":5}},"89":{"start":{"line":90,"column":0},"end":{"line":90,"column":4}},"90":{"start":{"line":91,"column":0},"end":{"line":91,"column":25}},"91":{"start":{"line":92,"column":0},"end":{"line":92,"column":52}},"92":{"start":{"line":93,"column":0},"end":{"line":93,"column":20}},"93":{"start":{"line":94,"column":0},"end":{"line":94,"column":5}},"94":{"start":{"line":95,"column":0},"end":{"line":95,"column":55}},"95":{"start":{"line":96,"column":0},"end":{"line":96,"column":9}},"96":{"start":{"line":97,"column":0},"end":{"line":97,"column":39}},"97":{"start":{"line":98,"column":0},"end":{"line":98,"column":23}},"98":{"start":{"line":99,"column":0},"end":{"line":99,"column":27}},"99":{"start":{"line":100,"column":0},"end":{"line":100,"column":21}},"100":{"start":{"line":101,"column":0},"end":{"line":101,"column":12}},"101":{"start":{"line":102,"column":0},"end":{"line":102,"column":8}},"102":{"start":{"line":103,"column":0},"end":{"line":103,"column":19}},"103":{"start":{"line":104,"column":0},"end":{"line":104,"column":25}},"104":{"start":{"line":105,"column":0},"end":{"line":105,"column":18}},"105":{"start":{"line":106,"column":0},"end":{"line":106,"column":5}},"106":{"start":{"line":107,"column":0},"end":{"line":107,"column":4}},"107":{"start":{"line":108,"column":0},"end":{"line":108,"column":0}},"108":{"start":{"line":109,"column":0},"end":{"line":109,"column":5}},"109":{"start":{"line":110,"column":0},"end":{"line":110,"column":4}},"110":{"start":{"line":111,"column":0},"end":{"line":111,"column":25}},"111":{"start":{"line":112,"column":0},"end":{"line":112,"column":34}},"112":{"start":{"line":113,"column":0},"end":{"line":113,"column":32}},"113":{"start":{"line":114,"column":0},"end":{"line":114,"column":5}},"114":{"start":{"line":115,"column":0},"end":{"line":115,"column":56}},"115":{"start":{"line":116,"column":0},"end":{"line":116,"column":9}},"116":{"start":{"line":117,"column":0},"end":{"line":117,"column":46}},"117":{"start":{"line":118,"column":0},"end":{"line":118,"column":23}},"118":{"start":{"line":119,"column":0},"end":{"line":119,"column":27}},"119":{"start":{"line":120,"column":0},"end":{"line":120,"column":20}},"120":{"start":{"line":121,"column":0},"end":{"line":121,"column":8}},"121":{"start":{"line":122,"column":0},"end":{"line":122,"column":19}},"122":{"start":{"line":123,"column":0},"end":{"line":123,"column":25}},"123":{"start":{"line":124,"column":0},"end":{"line":124,"column":18}},"124":{"start":{"line":125,"column":0},"end":{"line":125,"column":5}},"125":{"start":{"line":126,"column":0},"end":{"line":126,"column":4}},"126":{"start":{"line":127,"column":0},"end":{"line":127,"column":0}},"127":{"start":{"line":128,"column":0},"end":{"line":128,"column":5}},"128":{"start":{"line":129,"column":0},"end":{"line":129,"column":4}},"129":{"start":{"line":130,"column":0},"end":{"line":130,"column":25}},"130":{"start":{"line":131,"column":0},"end":{"line":131,"column":33}},"131":{"start":{"line":132,"column":0},"end":{"line":132,"column":31}},"132":{"start":{"line":133,"column":0},"end":{"line":133,"column":5}},"133":{"start":{"line":134,"column":0},"end":{"line":134,"column":56}},"134":{"start":{"line":135,"column":0},"end":{"line":135,"column":9}},"135":{"start":{"line":136,"column":0},"end":{"line":136,"column":46}},"136":{"start":{"line":137,"column":0},"end":{"line":137,"column":23}},"137":{"start":{"line":138,"column":0},"end":{"line":138,"column":27}},"138":{"start":{"line":139,"column":0},"end":{"line":139,"column":20}},"139":{"start":{"line":140,"column":0},"end":{"line":140,"column":8}},"140":{"start":{"line":141,"column":0},"end":{"line":141,"column":19}},"141":{"start":{"line":142,"column":0},"end":{"line":142,"column":25}},"142":{"start":{"line":143,"column":0},"end":{"line":143,"column":18}},"143":{"start":{"line":144,"column":0},"end":{"line":144,"column":5}},"144":{"start":{"line":145,"column":0},"end":{"line":145,"column":4}},"145":{"start":{"line":146,"column":0},"end":{"line":146,"column":5}},"146":{"start":{"line":147,"column":0},"end":{"line":147,"column":4}},"147":{"start":{"line":148,"column":0},"end":{"line":148,"column":25}},"148":{"start":{"line":149,"column":0},"end":{"line":149,"column":33}},"149":{"start":{"line":150,"column":0},"end":{"line":150,"column":31}},"150":{"start":{"line":151,"column":0},"end":{"line":151,"column":5}},"151":{"start":{"line":152,"column":0},"end":{"line":152,"column":55}},"152":{"start":{"line":153,"column":0},"end":{"line":153,"column":9}},"153":{"start":{"line":154,"column":0},"end":{"line":154,"column":45}},"154":{"start":{"line":155,"column":0},"end":{"line":155,"column":23}},"155":{"start":{"line":156,"column":0},"end":{"line":156,"column":27}},"156":{"start":{"line":157,"column":0},"end":{"line":157,"column":20}},"157":{"start":{"line":158,"column":0},"end":{"line":158,"column":8}},"158":{"start":{"line":159,"column":0},"end":{"line":159,"column":19}},"159":{"start":{"line":160,"column":0},"end":{"line":160,"column":25}},"160":{"start":{"line":161,"column":0},"end":{"line":161,"column":18}},"161":{"start":{"line":162,"column":0},"end":{"line":162,"column":5}},"162":{"start":{"line":163,"column":0},"end":{"line":163,"column":4}},"163":{"start":{"line":164,"column":0},"end":{"line":164,"column":0}},"164":{"start":{"line":165,"column":0},"end":{"line":165,"column":47}},"165":{"start":{"line":166,"column":0},"end":{"line":166,"column":9}},"166":{"start":{"line":167,"column":0},"end":{"line":167,"column":73}},"167":{"start":{"line":168,"column":0},"end":{"line":168,"column":19}},"168":{"start":{"line":169,"column":0},"end":{"line":169,"column":25}},"169":{"start":{"line":170,"column":0},"end":{"line":170,"column":18}},"170":{"start":{"line":171,"column":0},"end":{"line":171,"column":5}},"171":{"start":{"line":172,"column":0},"end":{"line":172,"column":4}},"172":{"start":{"line":173,"column":0},"end":{"line":173,"column":0}},"173":{"start":{"line":174,"column":0},"end":{"line":174,"column":38}},"174":{"start":{"line":175,"column":0},"end":{"line":175,"column":9}},"175":{"start":{"line":176,"column":0},"end":{"line":176,"column":62}},"176":{"start":{"line":177,"column":0},"end":{"line":177,"column":19}},"177":{"start":{"line":178,"column":0},"end":{"line":178,"column":25}},"178":{"start":{"line":179,"column":0},"end":{"line":179,"column":16}},"179":{"start":{"line":180,"column":0},"end":{"line":180,"column":5}},"180":{"start":{"line":181,"column":0},"end":{"line":181,"column":4}},"181":{"start":{"line":182,"column":0},"end":{"line":182,"column":0}},"182":{"start":{"line":183,"column":0},"end":{"line":183,"column":39}},"183":{"start":{"line":184,"column":0},"end":{"line":184,"column":9}},"184":{"start":{"line":185,"column":0},"end":{"line":185,"column":63}},"185":{"start":{"line":186,"column":0},"end":{"line":186,"column":19}},"186":{"start":{"line":187,"column":0},"end":{"line":187,"column":25}},"187":{"start":{"line":188,"column":0},"end":{"line":188,"column":18}},"188":{"start":{"line":189,"column":0},"end":{"line":189,"column":5}},"189":{"start":{"line":190,"column":0},"end":{"line":190,"column":4}},"190":{"start":{"line":191,"column":0},"end":{"line":191,"column":0}},"191":{"start":{"line":192,"column":0},"end":{"line":192,"column":44}},"192":{"start":{"line":193,"column":0},"end":{"line":193,"column":9}},"193":{"start":{"line":194,"column":0},"end":{"line":194,"column":68}},"194":{"start":{"line":195,"column":0},"end":{"line":195,"column":19}},"195":{"start":{"line":196,"column":0},"end":{"line":196,"column":25}},"196":{"start":{"line":197,"column":0},"end":{"line":197,"column":16}},"197":{"start":{"line":198,"column":0},"end":{"line":198,"column":5}},"198":{"start":{"line":199,"column":0},"end":{"line":199,"column":4}},"199":{"start":{"line":200,"column":0},"end":{"line":200,"column":0}},"200":{"start":{"line":201,"column":0},"end":{"line":201,"column":10}},"201":{"start":{"line":202,"column":0},"end":{"line":202,"column":13}},"202":{"start":{"line":203,"column":0},"end":{"line":203,"column":18}},"203":{"start":{"line":204,"column":0},"end":{"line":204,"column":20}},"204":{"start":{"line":205,"column":0},"end":{"line":205,"column":18}},"205":{"start":{"line":206,"column":0},"end":{"line":206,"column":19}},"206":{"start":{"line":207,"column":0},"end":{"line":207,"column":12}},"207":{"start":{"line":208,"column":0},"end":{"line":208,"column":18}},"208":{"start":{"line":209,"column":0},"end":{"line":209,"column":19}},"209":{"start":{"line":210,"column":0},"end":{"line":210,"column":19}},"210":{"start":{"line":211,"column":0},"end":{"line":211,"column":13}},"211":{"start":{"line":212,"column":0},"end":{"line":212,"column":12}},"212":{"start":{"line":213,"column":0},"end":{"line":213,"column":19}},"213":{"start":{"line":214,"column":0},"end":{"line":214,"column":25}},"214":{"start":{"line":215,"column":0},"end":{"line":215,"column":20}},"215":{"start":{"line":216,"column":0},"end":{"line":216,"column":18}},"216":{"start":{"line":217,"column":0},"end":{"line":217,"column":4}},"217":{"start":{"line":218,"column":0},"end":{"line":218,"column":2}}},"s":{"0":1,"1":1,"2":1,"3":1,"4":1,"5":1,"6":1,"7":1,"8":31,"9":31,"10":31,"11":31,"12":31,"13":31,"14":31,"15":31,"16":31,"17":2,"18":2,"19":2,"20":1,"21":1,"22":1,"23":31,"24":31,"25":31,"26":31,"27":31,"28":31,"29":31,"30":31,"31":31,"32":2,"33":2,"34":2,"35":1,"36":1,"37":1,"38":31,"39":31,"40":31,"41":2,"42":2,"43":2,"44":1,"45":1,"46":1,"47":31,"48":31,"49":31,"50":0,"51":0,"52":0,"53":0,"54":0,"55":31,"56":31,"57":31,"58":2,"59":2,"60":2,"61":1,"62":1,"63":1,"64":31,"65":31,"66":31,"67":2,"68":2,"69":2,"70":1,"71":1,"72":1,"73":1,"74":1,"75":1,"76":1,"77":31,"78":31,"79":31,"80":2,"81":2,"82":2,"83":1,"84":1,"85":1,"86":31,"87":31,"88":31,"89":31,"90":31,"91":31,"92":31,"93":31,"94":31,"95":2,"96":2,"97":2,"98":2,"99":2,"100":2,"101":2,"102":2,"103":1,"104":1,"105":1,"106":31,"107":31,"108":31,"109":31,"110":31,"111":31,"112":31,"113":31,"114":31,"115":2,"116":2,"117":2,"118":2,"119":2,"120":2,"121":2,"122":1,"123":1,"124":1,"125":31,"126":31,"127":31,"128":31,"129":31,"130":31,"131":31,"132":31,"133":31,"134":2,"135":2,"136":2,"137":2,"138":2,"139":2,"140":2,"141":1,"142":1,"143":1,"144":31,"145":31,"146":31,"147":31,"148":31,"149":31,"150":31,"151":31,"152":2,"153":2,"154":2,"155":2,"156":2,"157":2,"158":2,"159":1,"160":1,"161":1,"162":31,"163":31,"164":31,"165":2,"166":2,"167":2,"168":1,"169":1,"170":1,"171":31,"172":31,"173":31,"174":2,"175":2,"176":2,"177":1,"178":1,"179":1,"180":31,"181":31,"182":31,"183":2,"184":2,"185":2,"186":1,"187":1,"188":1,"189":31,"190":31,"191":31,"192":2,"193":2,"194":2,"195":1,"196":1,"197":1,"198":31,"199":31,"200":31,"201":31,"202":31,"203":31,"204":31,"205":31,"206":31,"207":31,"208":31,"209":31,"210":31,"211":31,"212":31,"213":31,"214":31,"215":31,"216":31,"217":31},"branchMap":{"0":{"type":"branch","line":8,"loc":{"start":{"line":8,"column":31},"end":{"line":218,"column":2}},"locations":[{"start":{"line":8,"column":31},"end":{"line":218,"column":2}}]},"1":{"type":"branch","line":17,"loc":{"start":{"line":17,"column":24},"end":{"line":24,"column":3}},"locations":[{"start":{"line":17,"column":24},"end":{"line":24,"column":3}}]},"2":{"type":"branch","line":20,"loc":{"start":{"line":20,"column":6},"end":{"line":23,"column":5}},"locations":[{"start":{"line":20,"column":6},"end":{"line":23,"column":5}}]},"3":{"type":"branch","line":32,"loc":{"start":{"line":32,"column":19},"end":{"line":39,"column":3}},"locations":[{"start":{"line":32,"column":19},"end":{"line":39,"column":3}}]},"4":{"type":"branch","line":35,"loc":{"start":{"line":35,"column":6},"end":{"line":38,"column":5}},"locations":[{"start":{"line":35,"column":6},"end":{"line":38,"column":5}}]},"5":{"type":"branch","line":41,"loc":{"start":{"line":41,"column":19},"end":{"line":48,"column":3}},"locations":[{"start":{"line":41,"column":19},"end":{"line":48,"column":3}}]},"6":{"type":"branch","line":44,"loc":{"start":{"line":44,"column":6},"end":{"line":47,"column":5}},"locations":[{"start":{"line":44,"column":6},"end":{"line":47,"column":5}}]},"7":{"type":"branch","line":58,"loc":{"start":{"line":58,"column":26},"end":{"line":65,"column":3}},"locations":[{"start":{"line":58,"column":26},"end":{"line":65,"column":3}}]},"8":{"type":"branch","line":61,"loc":{"start":{"line":61,"column":6},"end":{"line":64,"column":5}},"locations":[{"start":{"line":61,"column":6},"end":{"line":64,"column":5}}]},"9":{"type":"branch","line":67,"loc":{"start":{"line":67,"column":18},"end":{"line":78,"column":3}},"locations":[{"start":{"line":67,"column":18},"end":{"line":78,"column":3}}]},"10":{"type":"branch","line":70,"loc":{"start":{"line":70,"column":6},"end":{"line":77,"column":5}},"locations":[{"start":{"line":70,"column":6},"end":{"line":77,"column":5}}]},"11":{"type":"branch","line":80,"loc":{"start":{"line":80,"column":25},"end":{"line":87,"column":3}},"locations":[{"start":{"line":80,"column":25},"end":{"line":87,"column":3}}]},"12":{"type":"branch","line":83,"loc":{"start":{"line":83,"column":6},"end":{"line":86,"column":5}},"locations":[{"start":{"line":83,"column":6},"end":{"line":86,"column":5}}]},"13":{"type":"branch","line":95,"loc":{"start":{"line":95,"column":18},"end":{"line":107,"column":3}},"locations":[{"start":{"line":95,"column":18},"end":{"line":107,"column":3}}]},"14":{"type":"branch","line":103,"loc":{"start":{"line":103,"column":6},"end":{"line":106,"column":5}},"locations":[{"start":{"line":103,"column":6},"end":{"line":106,"column":5}}]},"15":{"type":"branch","line":115,"loc":{"start":{"line":115,"column":25},"end":{"line":126,"column":3}},"locations":[{"start":{"line":115,"column":25},"end":{"line":126,"column":3}}]},"16":{"type":"branch","line":122,"loc":{"start":{"line":122,"column":6},"end":{"line":125,"column":5}},"locations":[{"start":{"line":122,"column":6},"end":{"line":125,"column":5}}]},"17":{"type":"branch","line":134,"loc":{"start":{"line":134,"column":25},"end":{"line":145,"column":3}},"locations":[{"start":{"line":134,"column":25},"end":{"line":145,"column":3}}]},"18":{"type":"branch","line":141,"loc":{"start":{"line":141,"column":6},"end":{"line":144,"column":5}},"locations":[{"start":{"line":141,"column":6},"end":{"line":144,"column":5}}]},"19":{"type":"branch","line":152,"loc":{"start":{"line":152,"column":24},"end":{"line":163,"column":3}},"locations":[{"start":{"line":152,"column":24},"end":{"line":163,"column":3}}]},"20":{"type":"branch","line":159,"loc":{"start":{"line":159,"column":6},"end":{"line":162,"column":5}},"locations":[{"start":{"line":159,"column":6},"end":{"line":162,"column":5}}]},"21":{"type":"branch","line":165,"loc":{"start":{"line":165,"column":24},"end":{"line":172,"column":3}},"locations":[{"start":{"line":165,"column":24},"end":{"line":172,"column":3}}]},"22":{"type":"branch","line":168,"loc":{"start":{"line":168,"column":6},"end":{"line":171,"column":5}},"locations":[{"start":{"line":168,"column":6},"end":{"line":171,"column":5}}]},"23":{"type":"branch","line":174,"loc":{"start":{"line":174,"column":25},"end":{"line":181,"column":3}},"locations":[{"start":{"line":174,"column":25},"end":{"line":181,"column":3}}]},"24":{"type":"branch","line":177,"loc":{"start":{"line":177,"column":6},"end":{"line":180,"column":5}},"locations":[{"start":{"line":177,"column":6},"end":{"line":180,"column":5}}]},"25":{"type":"branch","line":183,"loc":{"start":{"line":183,"column":26},"end":{"line":190,"column":3}},"locations":[{"start":{"line":183,"column":26},"end":{"line":190,"column":3}}]},"26":{"type":"branch","line":186,"loc":{"start":{"line":186,"column":6},"end":{"line":189,"column":5}},"locations":[{"start":{"line":186,"column":6},"end":{"line":189,"column":5}}]},"27":{"type":"branch","line":192,"loc":{"start":{"line":192,"column":31},"end":{"line":199,"column":3}},"locations":[{"start":{"line":192,"column":31},"end":{"line":199,"column":3}}]},"28":{"type":"branch","line":195,"loc":{"start":{"line":195,"column":6},"end":{"line":198,"column":5}},"locations":[{"start":{"line":195,"column":6},"end":{"line":198,"column":5}}]}},"b":{"0":[31],"1":[2],"2":[1],"3":[2],"4":[1],"5":[2],"6":[1],"7":[2],"8":[1],"9":[2],"10":[1],"11":[2],"12":[1],"13":[2],"14":[1],"15":[2],"16":[1],"17":[2],"18":[1],"19":[2],"20":[1],"21":[2],"22":[1],"23":[2],"24":[1],"25":[2],"26":[1],"27":[2],"28":[1]},"fnMap":{"0":{"name":"getKindeSession","decl":{"start":{"line":8,"column":31},"end":{"line":218,"column":2}},"loc":{"start":{"line":8,"column":31},"end":{"line":218,"column":2}},"line":8},"1":{"name":"getClaimValue","decl":{"start":{"line":17,"column":24},"end":{"line":24,"column":3}},"loc":{"start":{"line":17,"column":24},"end":{"line":24,"column":3}},"line":17},"2":{"name":"getClaim","decl":{"start":{"line":32,"column":19},"end":{"line":39,"column":3}},"loc":{"start":{"line":32,"column":19},"end":{"line":39,"column":3}},"line":32},"3":{"name":"getToken","decl":{"start":{"line":41,"column":19},"end":{"line":48,"column":3}},"loc":{"start":{"line":41,"column":19},"end":{"line":48,"column":3}},"line":41},"4":{"name":"refreshTokens","decl":{"start":{"line":50,"column":24},"end":{"line":56,"column":3}},"loc":{"start":{"line":50,"column":24},"end":{"line":56,"column":3}},"line":50},"5":{"name":"isAuthenticated","decl":{"start":{"line":58,"column":26},"end":{"line":65,"column":3}},"loc":{"start":{"line":58,"column":26},"end":{"line":65,"column":3}},"line":58},"6":{"name":"getUser","decl":{"start":{"line":67,"column":18},"end":{"line":78,"column":3}},"loc":{"start":{"line":67,"column":18},"end":{"line":78,"column":3}},"line":67},"7":{"name":"getUserProfile","decl":{"start":{"line":80,"column":25},"end":{"line":87,"column":3}},"loc":{"start":{"line":80,"column":25},"end":{"line":87,"column":3}},"line":80},"8":{"name":"getFlag","decl":{"start":{"line":95,"column":18},"end":{"line":107,"column":3}},"loc":{"start":{"line":95,"column":18},"end":{"line":107,"column":3}},"line":95},"9":{"name":"getBooleanFlag","decl":{"start":{"line":115,"column":25},"end":{"line":126,"column":3}},"loc":{"start":{"line":115,"column":25},"end":{"line":126,"column":3}},"line":115},"10":{"name":"getIntegerFlag","decl":{"start":{"line":134,"column":25},"end":{"line":145,"column":3}},"loc":{"start":{"line":134,"column":25},"end":{"line":145,"column":3}},"line":134},"11":{"name":"getStringFlag","decl":{"start":{"line":152,"column":24},"end":{"line":163,"column":3}},"loc":{"start":{"line":152,"column":24},"end":{"line":163,"column":3}},"line":152},"12":{"name":"getPermission","decl":{"start":{"line":165,"column":24},"end":{"line":172,"column":3}},"loc":{"start":{"line":165,"column":24},"end":{"line":172,"column":3}},"line":165},"13":{"name":"getPermissions","decl":{"start":{"line":174,"column":25},"end":{"line":181,"column":3}},"loc":{"start":{"line":174,"column":25},"end":{"line":181,"column":3}},"line":174},"14":{"name":"getOrganization","decl":{"start":{"line":183,"column":26},"end":{"line":190,"column":3}},"loc":{"start":{"line":183,"column":26},"end":{"line":190,"column":3}},"line":183},"15":{"name":"getUserOrganizations","decl":{"start":{"line":192,"column":31},"end":{"line":199,"column":3}},"loc":{"start":{"line":192,"column":31},"end":{"line":199,"column":3}},"line":192}},"f":{"0":31,"1":2,"2":2,"3":2,"4":0,"5":2,"6":2,"7":2,"8":2,"9":2,"10":2,"11":2,"12":2,"13":2,"14":2,"15":2}}
,"/Users/peterphanouvong/Work/sdks/kinde-auth-remix-sdk/src/handle-auth.js": {"path":"/Users/peterphanouvong/Work/sdks/kinde-auth-remix-sdk/src/handle-auth.js","all":false,"statementMap":{"0":{"start":{"line":1,"column":0},"end":{"line":1,"column":8}},"1":{"start":{"line":2,"column":0},"end":{"line":2,"column":12}},"2":{"start":{"line":3,"column":0},"end":{"line":3,"column":26}},"3":{"start":{"line":4,"column":0},"end":{"line":4,"column":41}},"4":{"start":{"line":5,"column":0},"end":{"line":5,"column":43}},"5":{"start":{"line":6,"column":0},"end":{"line":6,"column":34}},"6":{"start":{"line":7,"column":0},"end":{"line":7,"column":57}},"7":{"start":{"line":8,"column":0},"end":{"line":8,"column":0}},"8":{"start":{"line":9,"column":0},"end":{"line":9,"column":51}},"9":{"start":{"line":10,"column":0},"end":{"line":10,"column":31}},"10":{"start":{"line":11,"column":0},"end":{"line":11,"column":3}},"11":{"start":{"line":12,"column":0},"end":{"line":12,"column":33}},"12":{"start":{"line":13,"column":0},"end":{"line":13,"column":30}},"13":{"start":{"line":14,"column":0},"end":{"line":14,"column":38}},"14":{"start":{"line":15,"column":0},"end":{"line":15,"column":57}},"15":{"start":{"line":16,"column":0},"end":{"line":16,"column":52}},"16":{"start":{"line":17,"column":0},"end":{"line":17,"column":3}},"17":{"start":{"line":18,"column":0},"end":{"line":18,"column":2}},"18":{"start":{"line":19,"column":0},"end":{"line":19,"column":0}},"19":{"start":{"line":20,"column":0},"end":{"line":20,"column":3}},"20":{"start":{"line":21,"column":0},"end":{"line":21,"column":2}},"21":{"start":{"line":22,"column":0},"end":{"line":22,"column":27}},"22":{"start":{"line":23,"column":0},"end":{"line":23,"column":19}},"23":{"start":{"line":24,"column":0},"end":{"line":24,"column":11}},"24":{"start":{"line":25,"column":0},"end":{"line":25,"column":3}},"25":{"start":{"line":26,"column":0},"end":{"line":26,"column":53}},"26":{"start":{"line":27,"column":0},"end":{"line":27,"column":53}},"27":{"start":{"line":28,"column":0},"end":{"line":28,"column":40}},"28":{"start":{"line":29,"column":0},"end":{"line":29,"column":0}},"29":{"start":{"line":30,"column":0},"end":{"line":30,"column":29}},"30":{"start":{"line":31,"column":0},"end":{"line":31,"column":50}},"31":{"start":{"line":32,"column":0},"end":{"line":32,"column":61}},"32":{"start":{"line":33,"column":0},"end":{"line":33,"column":54}},"33":{"start":{"line":34,"column":0},"end":{"line":34,"column":7}},"34":{"start":{"line":35,"column":0},"end":{"line":35,"column":0}},"35":{"start":{"line":36,"column":0},"end":{"line":36,"column":62}},"36":{"start":{"line":37,"column":0},"end":{"line":37,"column":0}},"37":{"start":{"line":38,"column":0},"end":{"line":38,"column":31}},"38":{"start":{"line":39,"column":0},"end":{"line":39,"column":67}},"39":{"start":{"line":40,"column":0},"end":{"line":40,"column":5}},"40":{"start":{"line":41,"column":0},"end":{"line":41,"column":0}},"41":{"start":{"line":42,"column":0},"end":{"line":42,"column":41}},"42":{"start":{"line":43,"column":0},"end":{"line":43,"column":16}},"43":{"start":{"line":44,"column":0},"end":{"line":44,"column":67}},"44":{"start":{"line":45,"column":0},"end":{"line":45,"column":61}},"45":{"start":{"line":46,"column":0},"end":{"line":46,"column":11}},"46":{"start":{"line":47,"column":0},"end":{"line":47,"column":8}},"47":{"start":{"line":48,"column":0},"end":{"line":48,"column":7}},"48":{"start":{"line":49,"column":0},"end":{"line":49,"column":4}},"49":{"start":{"line":50,"column":0},"end":{"line":50,"column":0}},"50":{"start":{"line":51,"column":0},"end":{"line":51,"column":32}},"51":{"start":{"line":52,"column":0},"end":{"line":52,"column":50}},"52":{"start":{"line":53,"column":0},"end":{"line":53,"column":64}},"53":{"start":{"line":54,"column":0},"end":{"line":54,"column":54}},"54":{"start":{"line":55,"column":0},"end":{"line":55,"column":7}},"55":{"start":{"line":56,"column":0},"end":{"line":56,"column":62}},"56":{"start":{"line":57,"column":0},"end":{"line":57,"column":0}},"57":{"start":{"line":58,"column":0},"end":{"line":58,"column":31}},"58":{"start":{"line":59,"column":0},"end":{"line":59,"column":67}},"59":{"start":{"line":60,"column":0},"end":{"line":60,"column":5}},"60":{"start":{"line":61,"column":0},"end":{"line":61,"column":0}},"61":{"start":{"line":62,"column":0},"end":{"line":62,"column":41}},"62":{"start":{"line":63,"column":0},"end":{"line":63,"column":16}},"63":{"start":{"line":64,"column":0},"end":{"line":64,"column":67}},"64":{"start":{"line":65,"column":0},"end":{"line":65,"column":61}},"65":{"start":{"line":66,"column":0},"end":{"line":66,"column":11}},"66":{"start":{"line":67,"column":0},"end":{"line":67,"column":8}},"67":{"start":{"line":68,"column":0},"end":{"line":68,"column":7}},"68":{"start":{"line":69,"column":0},"end":{"line":69,"column":4}},"69":{"start":{"line":70,"column":0},"end":{"line":70,"column":0}},"70":{"start":{"line":71,"column":0},"end":{"line":71,"column":32}},"71":{"start":{"line":72,"column":0},"end":{"line":72,"column":80}},"72":{"start":{"line":73,"column":0},"end":{"line":73,"column":0}},"73":{"start":{"line":74,"column":0},"end":{"line":74,"column":79}},"74":{"start":{"line":75,"column":0},"end":{"line":75,"column":31}},"75":{"start":{"line":76,"column":0},"end":{"line":76,"column":6}},"76":{"start":{"line":77,"column":0},"end":{"line":77,"column":0}},"77":{"start":{"line":78,"column":0},"end":{"line":78,"column":41}},"78":{"start":{"line":79,"column":0},"end":{"line":79,"column":66}},"79":{"start":{"line":80,"column":0},"end":{"line":80,"column":5}},"80":{"start":{"line":81,"column":0},"end":{"line":81,"column":0}},"81":{"start":{"line":82,"column":0},"end":{"line":82,"column":63}},"82":{"start":{"line":83,"column":0},"end":{"line":83,"column":38}},"83":{"start":{"line":84,"column":0},"end":{"line":84,"column":36}},"84":{"start":{"line":85,"column":0},"end":{"line":85,"column":0}},"85":{"start":{"line":86,"column":0},"end":{"line":86,"column":54}},"86":{"start":{"line":87,"column":0},"end":{"line":87,"column":16}},"87":{"start":{"line":88,"column":0},"end":{"line":88,"column":67}},"88":{"start":{"line":89,"column":0},"end":{"line":89,"column":61}},"89":{"start":{"line":90,"column":0},"end":{"line":90,"column":11}},"90":{"start":{"line":91,"column":0},"end":{"line":91,"column":8}},"91":{"start":{"line":92,"column":0},"end":{"line":92,"column":7}},"92":{"start":{"line":93,"column":0},"end":{"line":93,"column":4}},"93":{"start":{"line":94,"column":0},"end":{"line":94,"column":0}},"94":{"start":{"line":95,"column":0},"end":{"line":95,"column":30}},"95":{"start":{"line":96,"column":0},"end":{"line":96,"column":61}},"96":{"start":{"line":97,"column":0},"end":{"line":97,"column":0}},"97":{"start":{"line":98,"column":0},"end":{"line":98,"column":41}},"98":{"start":{"line":99,"column":0},"end":{"line":99,"column":16}},"99":{"start":{"line":100,"column":0},"end":{"line":100,"column":67}},"100":{"start":{"line":101,"column":0},"end":{"line":101,"column":8}},"101":{"start":{"line":102,"column":0},"end":{"line":102,"column":7}},"102":{"start":{"line":103,"column":0},"end":{"line":103,"column":4}},"103":{"start":{"line":104,"column":0},"end":{"line":104,"column":0}},"104":{"start":{"line":105,"column":0},"end":{"line":105,"column":18}},"105":{"start":{"line":106,"column":0},"end":{"line":106,"column":17}},"106":{"start":{"line":107,"column":0},"end":{"line":107,"column":21}},"107":{"start":{"line":108,"column":0},"end":{"line":108,"column":20}},"108":{"start":{"line":109,"column":0},"end":{"line":109,"column":24}},"109":{"start":{"line":110,"column":0},"end":{"line":110,"column":20}},"110":{"start":{"line":111,"column":0},"end":{"line":111,"column":24}},"111":{"start":{"line":112,"column":0},"end":{"line":112,"column":18}},"112":{"start":{"line":113,"column":0},"end":{"line":113,"column":22}},"113":{"start":{"line":114,"column":0},"end":{"line":114,"column":3}},"114":{"start":{"line":115,"column":0},"end":{"line":115,"column":2}}},"s":{"0":1,"1":1,"2":1,"3":1,"4":1,"5":1,"6":1,"7":1,"8":1,"9":1,"10":1,"11":1,"12":1,"13":1,"14":1,"15":1,"16":1,"17":1,"18":1,"19":1,"20":1,"21":1,"22":1,"23":1,"24":1,"25":1,"26":4,"27":4,"28":4,"29":4,"30":1,"31":1,"32":1,"33":1,"34":1,"35":1,"36":1,"37":1,"38":1,"39":1,"40":1,"41":1,"42":1,"43":1,"44":1,"45":1,"46":1,"47":1,"48":4,"49":4,"50":4,"51":1,"52":1,"53":1,"54":1,"55":1,"56":1,"57":1,"58":1,"59":1,"60":1,"61":1,"62":1,"63":1,"64":1,"65":1,"66":1,"67":1,"68":4,"69":4,"70":4,"71":1,"72":1,"73":1,"74":1,"75":1,"76":1,"77":1,"78":0,"79":0,"80":1,"81":1,"82":1,"83":1,"84":1,"85":1,"86":1,"87":1,"88":1,"89":1,"90":1,"91":1,"92":4,"93":4,"94":4,"95":1,"96":1,"97":1,"98":1,"99":1,"100":1,"101":1,"102":4,"103":4,"104":4,"105":4,"106":1,"107":4,"108":1,"109":4,"110":1,"111":4,"112":1,"113":4,"114":4},"branchMap":{"0":{"type":"branch","line":26,"loc":{"start":{"line":26,"column":26},"end":{"line":115,"column":2}},"locations":[{"start":{"line":26,"column":26},"end":{"line":115,"column":2}}]},"1":{"type":"branch","line":106,"loc":{"start":{"line":106,"column":4},"end":{"line":107,"column":21}},"locations":[{"start":{"line":106,"column":4},"end":{"line":107,"column":21}}]},"2":{"type":"branch","line":108,"loc":{"start":{"line":108,"column":4},"end":{"line":109,"column":24}},"locations":[{"start":{"line":108,"column":4},"end":{"line":109,"column":24}}]},"3":{"type":"branch","line":110,"loc":{"start":{"line":110,"column":4},"end":{"line":111,"column":24}},"locations":[{"start":{"line":110,"column":4},"end":{"line":111,"column":24}}]},"4":{"type":"branch","line":112,"loc":{"start":{"line":112,"column":4},"end":{"line":113,"column":22}},"locations":[{"start":{"line":112,"column":4},"end":{"line":113,"column":22}}]},"5":{"type":"branch","line":30,"loc":{"start":{"line":30,"column":16},"end":{"line":49,"column":3}},"locations":[{"start":{"line":30,"column":16},"end":{"line":49,"column":3}}]},"6":{"type":"branch","line":45,"loc":{"start":{"line":45,"column":48},"end":{"line":45,"column":60}},"locations":[{"start":{"line":45,"column":48},"end":{"line":45,"column":60}}]},"7":{"type":"branch","line":51,"loc":{"start":{"line":51,"column":19},"end":{"line":69,"column":3}},"locations":[{"start":{"line":51,"column":19},"end":{"line":69,"column":3}}]},"8":{"type":"branch","line":65,"loc":{"start":{"line":65,"column":48},"end":{"line":65,"column":60}},"locations":[{"start":{"line":65,"column":48},"end":{"line":65,"column":60}}]},"9":{"type":"branch","line":71,"loc":{"start":{"line":71,"column":19},"end":{"line":93,"column":3}},"locations":[{"start":{"line":71,"column":19},"end":{"line":93,"column":3}}]},"10":{"type":"branch","line":78,"loc":{"start":{"line":78,"column":40},"end":{"line":80,"column":5}},"locations":[{"start":{"line":78,"column":40},"end":{"line":80,"column":5}}]},"11":{"type":"branch","line":83,"loc":{"start":{"line":83,"column":6},"end":{"line":83,"column":38}},"locations":[{"start":{"line":83,"column":6},"end":{"line":83,"column":38}}]},"12":{"type":"branch","line":89,"loc":{"start":{"line":89,"column":48},"end":{"line":89,"column":60}},"locations":[{"start":{"line":89,"column":48},"end":{"line":89,"column":60}}]},"13":{"type":"branch","line":95,"loc":{"start":{"line":95,"column":17},"end":{"line":103,"column":3}},"locations":[{"start":{"line":95,"column":17},"end":{"line":103,"column":3}}]}},"b":{"0":[4],"1":[1],"2":[1],"3":[1],"4":[1],"5":[1],"6":[0],"7":[1],"8":[0],"9":[1],"10":[0],"11":[0],"12":[0],"13":[1]},"fnMap":{"0":{"name":"handleAuth","decl":{"start":{"line":26,"column":26},"end":{"line":115,"column":2}},"loc":{"start":{"line":26,"column":26},"end":{"line":115,"column":2}},"line":26},"1":{"name":"login","decl":{"start":{"line":30,"column":16},"end":{"line":49,"column":3}},"loc":{"start":{"line":30,"column":16},"end":{"line":49,"column":3}},"line":30},"2":{"name":"register","decl":{"start":{"line":51,"column":19},"end":{"line":69,"column":3}},"loc":{"start":{"line":51,"column":19},"end":{"line":69,"column":3}},"line":51},"3":{"name":"callback","decl":{"start":{"line":71,"column":19},"end":{"line":93,"column":3}},"loc":{"start":{"line":71,"column":19},"end":{"line":93,"column":3}},"line":71},"4":{"name":"logout","decl":{"start":{"line":95,"column":17},"end":{"line":103,"column":3}},"loc":{"start":{"line":95,"column":17},"end":{"line":103,"column":3}},"line":95}},"f":{"0":4,"1":1,"2":1,"3":1,"4":1}}
,"/Users/peterphanouvong/Work/sdks/kinde-auth-remix-sdk/src/index.js": {"path":"/Users/peterphanouvong/Work/sdks/kinde-auth-remix-sdk/src/index.js","all":false,"statementMap":{"0":{"start":{"line":1,"column":0},"end":{"line":1,"column":54}},"1":{"start":{"line":2,"column":0},"end":{"line":2,"column":43}}},"s":{"0":1,"1":1},"branchMap":{},"b":{},"fnMap":{},"f":{}}
,"/Users/peterphanouvong/Work/sdks/kinde-auth-remix-sdk/src/session/index.js": {"path":"/Users/peterphanouvong/Work/sdks/kinde-auth-remix-sdk/src/session/index.js","all":false,"statementMap":{"0":{"start":{"line":1,"column":0},"end":{"line":1,"column":29}}},"s":{"0":1},"branchMap":{},"b":{},"fnMap":{},"f":{}}
,"/Users/peterphanouvong/Work/sdks/kinde-auth-remix-sdk/src/session/session.js": {"path":"/Users/peterphanouvong/Work/sdks/kinde-auth-remix-sdk/src/session/session.js","all":false,"statementMap":{"0":{"start":{"line":1,"column":0},"end":{"line":1,"column":61}},"1":{"start":{"line":2,"column":0},"end":{"line":2,"column":0}},"2":{"start":{"line":3,"column":0},"end":{"line":3,"column":3}},"3":{"start":{"line":4,"column":0},"end":{"line":4,"column":2}},"4":{"start":{"line":5,"column":0},"end":{"line":5,"column":27}},"5":{"start":{"line":6,"column":0},"end":{"line":6,"column":293}},"6":{"start":{"line":7,"column":0},"end":{"line":7,"column":3}},"7":{"start":{"line":8,"column":0},"end":{"line":8,"column":56}},"8":{"start":{"line":9,"column":0},"end":{"line":9,"column":53}},"9":{"start":{"line":10,"column":0},"end":{"line":10,"column":13}},"10":{"start":{"line":11,"column":0},"end":{"line":11,"column":28}},"11":{"start":{"line":12,"column":0},"end":{"line":12,"column":21}},"12":{"start":{"line":13,"column":0},"end":{"line":13,"column":16}},"13":{"start":{"line":14,"column":0},"end":{"line":14,"column":22}},"14":{"start":{"line":15,"column":0},"end":{"line":15,"column":44}},"15":{"start":{"line":16,"column":0},"end":{"line":16,"column":52}},"16":{"start":{"line":17,"column":0},"end":{"line":17,"column":6}},"17":{"start":{"line":18,"column":0},"end":{"line":18,"column":5}},"18":{"start":{"line":19,"column":0},"end":{"line":19,"column":47}},"19":{"start":{"line":20,"column":0},"end":{"line":20,"column":58}},"20":{"start":{"line":21,"column":0},"end":{"line":21,"column":0}},"21":{"start":{"line":22,"column":0},"end":{"line":22,"column":73}},"22":{"start":{"line":23,"column":0},"end":{"line":23,"column":26}},"23":{"start":{"line":24,"column":0},"end":{"line":24,"column":7}},"24":{"start":{"line":25,"column":0},"end":{"line":25,"column":26}},"25":{"start":{"line":26,"column":0},"end":{"line":26,"column":57}},"26":{"start":{"line":27,"column":0},"end":{"line":27,"column":48}},"27":{"start":{"line":28,"column":0},"end":{"line":28,"column":7}},"28":{"start":{"line":29,"column":0},"end":{"line":29,"column":31}},"29":{"start":{"line":30,"column":0},"end":{"line":30,"column":30}},"30":{"start":{"line":31,"column":0},"end":{"line":31,"column":6}},"31":{"start":{"line":32,"column":0},"end":{"line":32,"column":0}},"32":{"start":{"line":33,"column":0},"end":{"line":33,"column":7}},"33":{"start":{"line":34,"column":0},"end":{"line":34,"column":26}},"34":{"start":{"line":35,"column":0},"end":{"line":35,"column":57}},"35":{"start":{"line":36,"column":0},"end":{"line":36,"column":45}},"36":{"start":{"line":37,"column":0},"end":{"line":37,"column":31}},"37":{"start":{"line":38,"column":0},"end":{"line":38,"column":7}},"38":{"start":{"line":39,"column":0},"end":{"line":39,"column":38}},"39":{"start":{"line":40,"column":0},"end":{"line":40,"column":37}},"40":{"start":{"line":41,"column":0},"end":{"line":41,"column":6}},"41":{"start":{"line":42,"column":0},"end":{"line":42,"column":0}},"42":{"start":{"line":43,"column":0},"end":{"line":43,"column":7}},"43":{"start":{"line":44,"column":0},"end":{"line":44,"column":29}},"44":{"start":{"line":45,"column":0},"end":{"line":45,"column":57}},"45":{"start":{"line":46,"column":0},"end":{"line":46,"column":31}},"46":{"start":{"line":47,"column":0},"end":{"line":47,"column":7}},"47":{"start":{"line":48,"column":0},"end":{"line":48,"column":34}},"48":{"start":{"line":49,"column":0},"end":{"line":49,"column":32}},"49":{"start":{"line":50,"column":0},"end":{"line":50,"column":6}},"50":{"start":{"line":51,"column":0},"end":{"line":51,"column":0}},"51":{"start":{"line":52,"column":0},"end":{"line":52,"column":7}},"52":{"start":{"line":53,"column":0},"end":{"line":53,"column":27}},"53":{"start":{"line":54,"column":0},"end":{"line":54,"column":31}},"54":{"start":{"line":55,"column":0},"end":{"line":55,"column":7}},"55":{"start":{"line":56,"column":0},"end":{"line":56,"column":28}},"56":{"start":{"line":57,"column":0},"end":{"line":57,"column":7}},"57":{"start":{"line":58,"column":0},"end":{"line":58,"column":27}},"58":{"start":{"line":59,"column":0},"end":{"line":59,"column":19}},"59":{"start":{"line":60,"column":0},"end":{"line":60,"column":31}},"60":{"start":{"line":61,"column":0},"end":{"line":61,"column":23}},"61":{"start":{"line":62,"column":0},"end":{"line":62,"column":15}},"62":{"start":{"line":63,"column":0},"end":{"line":63,"column":24}},"63":{"start":{"line":64,"column":0},"end":{"line":64,"column":34}},"64":{"start":{"line":65,"column":0},"end":{"line":65,"column":45}},"65":{"start":{"line":66,"column":0},"end":{"line":66,"column":0}},"66":{"start":{"line":67,"column":0},"end":{"line":67,"column":45}},"67":{"start":{"line":68,"column":0},"end":{"line":68,"column":31}},"68":{"start":{"line":69,"column":0},"end":{"line":69,"column":6}},"69":{"start":{"line":70,"column":0},"end":{"line":70,"column":4}},"70":{"start":{"line":71,"column":0},"end":{"line":71,"column":0}},"71":{"start":{"line":72,"column":0},"end":{"line":72,"column":10}},"72":{"start":{"line":73,"column":0},"end":{"line":73,"column":12}},"73":{"start":{"line":74,"column":0},"end":{"line":74,"column":19}},"74":{"start":{"line":75,"column":0},"end":{"line":75,"column":11}},"75":{"start":{"line":76,"column":0},"end":{"line":76,"column":19}},"76":{"start":{"line":77,"column":0},"end":{"line":77,"column":4}},"77":{"start":{"line":78,"column":0},"end":{"line":78,"column":2}}},"s":{"0":1,"1":1,"2":1,"3":1,"4":1,"5":1,"6":1,"7":1,"8":39,"9":39,"10":39,"11":39,"12":39,"13":39,"14":39,"15":39,"16":39,"17":39,"18":39,"19":39,"20":39,"21":39,"22":39,"23":39,"24":39,"25":39,"26":39,"27":39,"28":39,"29":2,"30":39,"31":39,"32":39,"33":39,"34":39,"35":39,"36":39,"37":39,"38":39,"39":4,"40":39,"41":39,"42":39,"43":39,"44":39,"45":39,"46":39,"47":39,"48":1,"49":39,"50":39,"51":39,"52":39,"53":39,"54":39,"55":39,"56":1,"57":1,"58":1,"59":1,"60":1,"61":1,"62":1,"63":1,"64":1,"65":1,"66":1,"67":1,"68":39,"69":39,"70":39,"71":39,"72":39,"73":39,"74":39,"75":39,"76":39,"77":39},"branchMap":{"0":{"type":"branch","line":8,"loc":{"start":{"line":8,"column":36},"end":{"line":78,"column":2}},"locations":[{"start":{"line":8,"column":36},"end":{"line":78,"column":2}}]},"1":{"type":"branch","line":29,"loc":{"start":{"line":29,"column":4},"end":{"line":31,"column":5}},"locations":[{"start":{"line":29,"column":4},"end":{"line":31,"column":5}}]},"2":{"type":"branch","line":39,"loc":{"start":{"line":39,"column":4},"end":{"line":41,"column":5}},"locations":[{"start":{"line":39,"column":4},"end":{"line":41,"column":5}}]},"3":{"type":"branch","line":48,"loc":{"start":{"line":48,"column":4},"end":{"line":50,"column":5}},"locations":[{"start":{"line":48,"column":4},"end":{"line":50,"column":5}}]},"4":{"type":"branch","line":56,"loc":{"start":{"line":56,"column":4},"end":{"line":69,"column":5}},"locations":[{"start":{"line":56,"column":4},"end":{"line":69,"column":5}}]},"5":{"type":"branch","line":65,"loc":{"start":{"line":65,"column":16},"end":{"line":65,"column":43}},"locations":[{"start":{"line":65,"column":16},"end":{"line":65,"column":43}}]}},"b":{"0":[39],"1":[2],"2":[4],"3":[1],"4":[1],"5":[7]},"fnMap":{"0":{"name":"createSessionManager","decl":{"start":{"line":8,"column":36},"end":{"line":78,"column":2}},"loc":{"start":{"line":8,"column":36},"end":{"line":78,"column":2}},"line":8},"1":{"name":"getSessionItem","decl":{"start":{"line":29,"column":4},"end":{"line":31,"column":5}},"loc":{"start":{"line":29,"column":4},"end":{"line":31,"column":5}},"line":29},"2":{"name":"setSessionItem","decl":{"start":{"line":39,"column":4},"end":{"line":41,"column":5}},"loc":{"start":{"line":39,"column":4},"end":{"line":41,"column":5}},"line":39},"3":{"name":"removeSessionItem","decl":{"start":{"line":48,"column":4},"end":{"line":50,"column":5}},"loc":{"start":{"line":48,"column":4},"end":{"line":50,"column":5}},"line":48},"4":{"name":"destroySession","decl":{"start":{"line":56,"column":4},"end":{"line":69,"column":5}},"loc":{"start":{"line":56,"column":4},"end":{"line":69,"column":5}},"line":56}},"f":{"0":39,"1":2,"2":4,"3":1,"4":1}}
}
